2020.12.15 13:18:18 INFO  Started: Metals version 0.9.7 in workspace 'C:\Users\trent\Documents\GitHub\project0' for client vscode.
2020.12.15 13:18:18 INFO  time: initialize in 0.59s
2020.12.15 13:18:19 WARN  Build server is not auto-connectable.
2020.12.15 13:18:19 WARN  no build tool detected in workspace 'C:\Users\trent\Documents\GitHub\project0'. The most common cause for this problem is that the editor was opened in the wrong working directory, for example if you use sbt then the workspace directory should contain build.sbt. 
2020.12.15 13:18:19 WARN  no build target for: C:\Users\trent\Documents\GitHub\project0\project0-scala-revature\src\main\scala\example\Hello.scala
2020.12.15 13:18:21 INFO  no build target: using presentation compiler with only scala-library
Dec 15, 2020 1:18:21 PM org.eclipse.lsp4j.jsonrpc.RemoteEndpoint handleCancellation
WARNING: Unmatched cancel notification for request id 2
2020.12.15 13:40:33 WARN  no build target for: C:\Users\trent\Documents\GitHub\project0\project0-scala-revature\src\main\scala\example\Hello.scala
2020.12.15 13:44:46 WARN  no build tool detected in workspace 'C:\Users\trent\Documents\GitHub\project0'. The most common cause for this problem is that the editor was opened in the wrong working directory, for example if you use sbt then the workspace directory should contain build.sbt. 
2020.12.15 13:45:17 WARN  no build target for: C:\Users\trent\Documents\GitHub\project0\project0-scala-revature\src\main\scala\example\Hello.scala
2020.12.15 14:16:35 WARN  no build tool detected in workspace 'C:\Users\trent\Documents\GitHub\project0'. The most common cause for this problem is that the editor was opened in the wrong working directory, for example if you use sbt then the workspace directory should contain build.sbt. 
2020.12.15 14:17:10 WARN  no build target for: C:\Users\trent\Documents\GitHub\project0\project0-scala-revature\src\main\scala\example\Hello.scala
2020.12.15 14:19:41 WARN  no build target for: C:\Users\trent\Documents\GitHub\project0\project0-scala-revature\project\Dependencies.scala
2020.12.15 14:21:41 WARN  no build target for: C:\Users\trent\Documents\GitHub\project0\project0-scala-revature\build.sbt
2020.12.15 14:23:43 WARN  no build target for: C:\Users\trent\Documents\GitHub\project0\project0-scala-revature\project\Dependencies.scala
2020.12.15 14:27:53 WARN  no build tool detected in workspace 'C:\Users\trent\Documents\GitHub\project0'. The most common cause for this problem is that the editor was opened in the wrong working directory, for example if you use sbt then the workspace directory should contain build.sbt. 
2020.12.15 14:31:24 WARN  no build tool detected in workspace 'C:\Users\trent\Documents\GitHub\project0'. The most common cause for this problem is that the editor was opened in the wrong working directory, for example if you use sbt then the workspace directory should contain build.sbt. 
2020.12.15 14:32:15 WARN  no build target for: C:\Users\trent\Documents\GitHub\project0\project0-scala-revature\project\Dependencies.scala
2020.12.15 14:32:38 WARN  no build target for: C:\Users\trent\Documents\GitHub\project0\project0-scala-revature\build.sbt
2020.12.15 14:33:06 WARN  no build tool detected in workspace 'C:\Users\trent\Documents\GitHub\project0'. The most common cause for this problem is that the editor was opened in the wrong working directory, for example if you use sbt then the workspace directory should contain build.sbt. 
2020.12.15 14:34:02 WARN  no build target for: C:\Users\trent\Documents\GitHub\project0\project0-scala-revature\build.sbt
2020.12.15 14:34:02 WARN  no build tool detected in workspace 'C:\Users\trent\Documents\GitHub\project0'. The most common cause for this problem is that the editor was opened in the wrong working directory, for example if you use sbt then the workspace directory should contain build.sbt. 
2020.12.15 14:34:39 WARN  no build target for: C:\Users\trent\Documents\GitHub\project0\project0-scala-revature\project\Dependencies.scala
2020.12.15 14:34:49 WARN  no build target for: C:\Users\trent\Documents\GitHub\project0\project0-scala-revature\project\Dependencies.scala
2020.12.15 14:36:43 WARN  no build tool detected in workspace 'C:\Users\trent\Documents\GitHub\project0'. The most common cause for this problem is that the editor was opened in the wrong working directory, for example if you use sbt then the workspace directory should contain build.sbt. 
2020.12.15 14:36:43 WARN  no build tool detected in workspace 'C:\Users\trent\Documents\GitHub\project0'. The most common cause for this problem is that the editor was opened in the wrong working directory, for example if you use sbt then the workspace directory should contain build.sbt. 
2020.12.15 14:36:52 WARN  no build target for: C:\Users\trent\Documents\GitHub\project0\project0-scala-revature\build.sbt
2020.12.15 14:37:08 WARN  no build target for: C:\Users\trent\Documents\GitHub\project0\project0-scala-revature\build.sbt
2020.12.15 14:37:41 WARN  no build target for: C:\Users\trent\Documents\GitHub\project0\project0-scala-revature\build.sbt
2020.12.15 14:37:41 WARN  no build target for: C:\Users\trent\Documents\GitHub\project0\project0-scala-revature\build.sbt
2020.12.15 14:37:43 WARN  no build tool detected in workspace 'C:\Users\trent\Documents\GitHub\project0'. The most common cause for this problem is that the editor was opened in the wrong working directory, for example if you use sbt then the workspace directory should contain build.sbt. 
2020.12.15 14:37:45 WARN  no build target for: C:\Users\trent\Documents\GitHub\project0\project0-scala-revature\project\Dependencies.scala
2020.12.15 14:38:29 WARN  no build tool detected in workspace 'C:\Users\trent\Documents\GitHub\project0'. The most common cause for this problem is that the editor was opened in the wrong working directory, for example if you use sbt then the workspace directory should contain build.sbt. 
2020.12.15 14:38:29 WARN  no build target for: C:\Users\trent\Documents\GitHub\project0\project0-scala-revature\build.sbt
2020.12.15 14:38:34 WARN  no build tool detected in workspace 'C:\Users\trent\Documents\GitHub\project0'. The most common cause for this problem is that the editor was opened in the wrong working directory, for example if you use sbt then the workspace directory should contain build.sbt. 
2020.12.15 14:38:34 WARN  no build target for: C:\Users\trent\Documents\GitHub\project0\project0-scala-revature\project\Dependencies.scala
2020.12.15 14:38:34 WARN  no build tool detected in workspace 'C:\Users\trent\Documents\GitHub\project0'. The most common cause for this problem is that the editor was opened in the wrong working directory, for example if you use sbt then the workspace directory should contain build.sbt. 
2020.12.15 14:38:38 WARN  no build target for: C:\Users\trent\Documents\GitHub\project0\project0-scala-revature\project\Dependencies.scala
2020.12.15 14:38:38 WARN  no build tool detected in workspace 'C:\Users\trent\Documents\GitHub\project0'. The most common cause for this problem is that the editor was opened in the wrong working directory, for example if you use sbt then the workspace directory should contain build.sbt. 
2020.12.15 14:39:07 WARN  no build target for: C:\Users\trent\Documents\GitHub\project0\project0-scala-revature\build.sbt
2020.12.15 14:43:59 WARN  no build target for: C:\Users\trent\Documents\GitHub\project0\project0-scala-revature\build.sbt
2020.12.15 14:45:16 WARN  no build target for: C:\Users\trent\Documents\GitHub\project0\project0-scala-revature\project\plugins.sbt
2020.12.15 14:45:25 WARN  no build target for: C:\Users\trent\Documents\GitHub\project0\project0-scala-revature\project\plugins.sbt
2020.12.15 14:45:51 WARN  no build target for: C:\Users\trent\Documents\GitHub\project0\project0-scala-revature\build.sbt
2020.12.15 14:45:54 WARN  no build target for: C:\Users\trent\Documents\GitHub\project0\project0-scala-revature\build.sbt
2020.12.15 14:46:35 WARN  no build target for: C:\Users\trent\Documents\GitHub\project0\project0-scala-revature\build.sbt
2020.12.15 14:47:03 WARN  no build target for: C:\Users\trent\Documents\GitHub\project0\project0-scala-revature\project\Dependencies.scala
2020.12.15 14:55:30 WARN  no build target for: C:\Users\trent\Documents\GitHub\project0\project0-scala-revature\src\main\scala\example\Hello.scala
2020.12.15 14:56:10 WARN  no build tool detected in workspace 'C:\Users\trent\Documents\GitHub\project0'. The most common cause for this problem is that the editor was opened in the wrong working directory, for example if you use sbt then the workspace directory should contain build.sbt. 
2020.12.15 14:56:23 WARN  no build target for: C:\Users\trent\Documents\GitHub\project0\project0-scala-revature\src\main\scala\example\Hello.scala
2020.12.15 14:58:49 WARN  no build target for: C:\Users\trent\Documents\GitHub\project0\project0-scala-revature\src\main\scala\example\Hello.scala
2020.12.15 15:01:31 WARN  no build target for: C:\Users\trent\Documents\GitHub\project0\project0-scala-revature\project\Dependencies.scala
2020.12.15 15:01:56 WARN  no build target for: C:\Users\trent\Documents\GitHub\project0\project0-scala-revature\project\Dependencies.scala
2020.12.15 15:02:03 WARN  no build target for: C:\Users\trent\Documents\GitHub\project0\project0-scala-revature\build.sbt
2020.12.15 15:03:23 WARN  no build target for: C:\Users\trent\Documents\GitHub\project0\project0-scala-revature\project\Dependencies.scala
2020.12.15 15:03:47 WARN  no build tool detected in workspace 'C:\Users\trent\Documents\GitHub\project0'. The most common cause for this problem is that the editor was opened in the wrong working directory, for example if you use sbt then the workspace directory should contain build.sbt. 
2020.12.15 15:03:52 WARN  no build target for: C:\Users\trent\Documents\GitHub\project0\project0-scala-revature\project\Dependencies.scala
2020.12.15 15:04:36 WARN  no build tool detected in workspace 'C:\Users\trent\Documents\GitHub\project0'. The most common cause for this problem is that the editor was opened in the wrong working directory, for example if you use sbt then the workspace directory should contain build.sbt. 
2020.12.15 15:04:38 WARN  no build target for: C:\Users\trent\Documents\GitHub\project0\project0-scala-revature\project\Dependencies.scala
2020.12.15 15:05:15 WARN  no build target for: C:\Users\trent\Documents\GitHub\project0\project0-scala-revature\project\Dependencies.scala
2020.12.15 15:06:03 WARN  no build target for: C:\Users\trent\Documents\GitHub\project0\project0-scala-revature\src\main\scala\example\Hello.scala
2020.12.15 15:06:51 WARN  no build tool detected in workspace 'C:\Users\trent\Documents\GitHub\project0'. The most common cause for this problem is that the editor was opened in the wrong working directory, for example if you use sbt then the workspace directory should contain build.sbt. 
2020.12.15 15:06:51 WARN  no build tool detected in workspace 'C:\Users\trent\Documents\GitHub\project0'. The most common cause for this problem is that the editor was opened in the wrong working directory, for example if you use sbt then the workspace directory should contain build.sbt. 
2020.12.15 15:06:51 WARN  no build tool detected in workspace 'C:\Users\trent\Documents\GitHub\project0'. The most common cause for this problem is that the editor was opened in the wrong working directory, for example if you use sbt then the workspace directory should contain build.sbt. 
2020.12.15 15:06:51 WARN  no build tool detected in workspace 'C:\Users\trent\Documents\GitHub\project0'. The most common cause for this problem is that the editor was opened in the wrong working directory, for example if you use sbt then the workspace directory should contain build.sbt. 
2020.12.15 15:06:51 WARN  no build tool detected in workspace 'C:\Users\trent\Documents\GitHub\project0'. The most common cause for this problem is that the editor was opened in the wrong working directory, for example if you use sbt then the workspace directory should contain build.sbt. 
2020.12.15 15:06:51 WARN  no build tool detected in workspace 'C:\Users\trent\Documents\GitHub\project0'. The most common cause for this problem is that the editor was opened in the wrong working directory, for example if you use sbt then the workspace directory should contain build.sbt. 
2020.12.15 15:06:51 WARN  no build tool detected in workspace 'C:\Users\trent\Documents\GitHub\project0'. The most common cause for this problem is that the editor was opened in the wrong working directory, for example if you use sbt then the workspace directory should contain build.sbt. 
2020.12.15 15:06:53 WARN  no build tool detected in workspace 'C:\Users\trent\Documents\GitHub\project0'. The most common cause for this problem is that the editor was opened in the wrong working directory, for example if you use sbt then the workspace directory should contain build.sbt. 
2020.12.15 15:06:53 WARN  no build target for: C:\Users\trent\Documents\GitHub\project0\project0-scala-revature\src\main\scala\example\Hello.scala
2020.12.15 15:06:53 WARN  no build tool detected in workspace 'C:\Users\trent\Documents\GitHub\project0'. The most common cause for this problem is that the editor was opened in the wrong working directory, for example if you use sbt then the workspace directory should contain build.sbt. 
2020.12.15 15:07:40 WARN  no build target for: C:\Users\trent\Documents\GitHub\project0\project0-scala-revature\src\main\scala\example\Hello.scala
2020.12.15 15:08:22 WARN  no build target for: C:\Users\trent\Documents\GitHub\project0\project0-scala-revature\src\main\scala\example\Hello.scala
2020.12.15 15:09:06 WARN  no build target for: C:\Users\trent\Documents\GitHub\project0\project0-scala-revature\src\main\scala\example\Hello.scala
2020.12.15 15:10:03 WARN  no build tool detected in workspace 'C:\Users\trent\Documents\GitHub\project0'. The most common cause for this problem is that the editor was opened in the wrong working directory, for example if you use sbt then the workspace directory should contain build.sbt. 
2020.12.15 15:10:03 WARN  no build tool detected in workspace 'C:\Users\trent\Documents\GitHub\project0'. The most common cause for this problem is that the editor was opened in the wrong working directory, for example if you use sbt then the workspace directory should contain build.sbt. 
2020.12.15 15:10:20 WARN  no build target for: C:\Users\trent\Documents\GitHub\project0\project0-scala-revature\src\main\scala\example\Hello.scala
2020.12.15 15:13:32 WARN  no build target for: C:\Users\trent\Documents\GitHub\project0\project0-scala-revature\src\main\scala\example\Hello.scala
2020.12.15 15:15:36 WARN  no build target for: C:\Users\trent\Documents\GitHub\project0\project0-scala-revature\src\main\scala\example\Hello.scala
2020.12.15 15:16:02 WARN  no build tool detected in workspace 'C:\Users\trent\Documents\GitHub\project0'. The most common cause for this problem is that the editor was opened in the wrong working directory, for example if you use sbt then the workspace directory should contain build.sbt. 
2020.12.15 15:16:03 WARN  no build tool detected in workspace 'C:\Users\trent\Documents\GitHub\project0'. The most common cause for this problem is that the editor was opened in the wrong working directory, for example if you use sbt then the workspace directory should contain build.sbt. 
2020.12.15 15:17:59 WARN  no build target for: C:\Users\trent\Documents\GitHub\project0\project0-scala-revature\src\main\scala\example\Hello.scala
2020.12.15 15:18:53 WARN  no build target for: C:\Users\trent\Documents\GitHub\project0\project0-scala-revature\src\main\scala\example\Hello.scala
2020.12.15 15:19:33 WARN  no build target for: C:\Users\trent\Documents\GitHub\project0\project0-scala-revature\src\main\scala\example\Hello.scala
2020.12.15 15:20:06 WARN  no build target for: C:\Users\trent\Documents\GitHub\project0\project0-scala-revature\src\main\scala\example\Hello.scala
2020.12.15 15:20:19 WARN  no build target for: C:\Users\trent\Documents\GitHub\project0\project0-scala-revature\src\main\scala\example\Hello.scala
